  [1m[35m (1.2ms)[0m  [1m[35mCREATE TABLE "schema_migrations" ("version" varchar NOT NULL PRIMARY KEY)[0m
  [1m[35m (0.1ms)[0m  [1m[35mCREATE TABLE "ar_internal_metadata" ("key" varchar NOT NULL PRIMARY KEY, "value" varchar, "created_at" datetime(6) NOT NULL, "updated_at" datetime(6) NOT NULL)[0m
  [1m[36mActiveRecord::InternalMetadata Load (0.2ms)[0m  [1m[34mSELECT * FROM "ar_internal_metadata" WHERE "ar_internal_metadata"."key" = ? ORDER BY "ar_internal_metadata"."key" ASC LIMIT 1[0m  [[nil, "environment"]]
  [1m[36mActiveRecord::InternalMetadata Create (0.2ms)[0m  [1m[32mINSERT INTO "ar_internal_metadata" ("key", "value", "created_at", "updated_at") VALUES ('environment', 'development', '2025-03-11 00:43:55.315743', '2025-03-11 00:43:55.315747') RETURNING "key"[0m
  [1m[36mActiveRecord::SchemaMigration Load (0.1ms)[0m  [1m[34mSELECT "schema_migrations"."version" FROM "schema_migrations" ORDER BY "schema_migrations"."version" ASC[0m
Migrating to CreateUsers (20250311004349)
  [1m[36mTRANSACTION (0.0ms)[0m  [1m[36mbegin transaction[0m
  [1m[35m (0.8ms)[0m  [1m[35mCREATE TABLE "users" ("id" integer PRIMARY KEY AUTOINCREMENT NOT NULL, "name" varchar, "email" varchar, "password_digest" varchar, "role" varchar, "created_at" datetime(6) NOT NULL, "updated_at" datetime(6) NOT NULL)[0m
  [1m[35m (0.1ms)[0m  [1m[35mCREATE UNIQUE INDEX "index_users_on_email" ON "users" ("email")[0m
  [1m[36mActiveRecord::SchemaMigration Create (0.1ms)[0m  [1m[32mINSERT INTO "schema_migrations" ("version") VALUES ('20250311004349') RETURNING "version"[0m
  [1m[36mTRANSACTION (0.1ms)[0m  [1m[36mcommit transaction[0m
Migrating to CreateProducts (20250311004350)
  [1m[36mTRANSACTION (0.0ms)[0m  [1m[36mbegin transaction[0m
  [1m[35m (1.2ms)[0m  [1m[35mCREATE TABLE "products" ("id" integer PRIMARY KEY AUTOINCREMENT NOT NULL, "name" varchar, "description" text, "price" decimal, "stock_quantity" integer, "category" varchar, "created_at" datetime(6) NOT NULL, "updated_at" datetime(6) NOT NULL)[0m
  [1m[36mActiveRecord::SchemaMigration Create (0.1ms)[0m  [1m[32mINSERT INTO "schema_migrations" ("version") VALUES ('20250311004350') RETURNING "version"[0m
  [1m[36mTRANSACTION (0.1ms)[0m  [1m[36mcommit transaction[0m
Migrating to CreateOrders (20250311004351)
  [1m[36mTRANSACTION (0.0ms)[0m  [1m[36mbegin transaction[0m
  [1m[35m (0.7ms)[0m  [1m[35mCREATE TABLE "orders" ("id" integer PRIMARY KEY AUTOINCREMENT NOT NULL, "user_id" integer NOT NULL, "status" varchar, "total_amount" decimal, "created_at" datetime(6) NOT NULL, "updated_at" datetime(6) NOT NULL, CONSTRAINT "fk_rails_f868b47f6a"
FOREIGN KEY ("user_id")
  REFERENCES "users" ("id")
)[0m
  [1m[35m (0.1ms)[0m  [1m[35mCREATE INDEX "index_orders_on_user_id" ON "orders" ("user_id")[0m
  [1m[36mActiveRecord::SchemaMigration Create (0.1ms)[0m  [1m[32mINSERT INTO "schema_migrations" ("version") VALUES ('20250311004351') RETURNING "version"[0m
  [1m[36mTRANSACTION (0.1ms)[0m  [1m[36mcommit transaction[0m
Migrating to CreateOrderItems (20250311004352)
  [1m[36mTRANSACTION (0.0ms)[0m  [1m[36mbegin transaction[0m
  [1m[35m (1.2ms)[0m  [1m[35mCREATE TABLE "order_items" ("id" integer PRIMARY KEY AUTOINCREMENT NOT NULL, "order_id" integer NOT NULL, "product_id" integer NOT NULL, "quantity" integer, "price" decimal, "created_at" datetime(6) NOT NULL, "updated_at" datetime(6) NOT NULL, CONSTRAINT "fk_rails_e3cb28f071"
FOREIGN KEY ("order_id")
  REFERENCES "orders" ("id")
, CONSTRAINT "fk_rails_f1a29ddd47"
FOREIGN KEY ("product_id")
  REFERENCES "products" ("id")
)[0m
  [1m[35m (0.1ms)[0m  [1m[35mCREATE INDEX "index_order_items_on_order_id" ON "order_items" ("order_id")[0m
  [1m[35m (0.1ms)[0m  [1m[35mCREATE INDEX "index_order_items_on_product_id" ON "order_items" ("product_id")[0m
  [1m[36mActiveRecord::SchemaMigration Create (0.1ms)[0m  [1m[32mINSERT INTO "schema_migrations" ("version") VALUES ('20250311004352') RETURNING "version"[0m
  [1m[36mTRANSACTION (0.1ms)[0m  [1m[36mcommit transaction[0m
Migrating to CreatePayments (20250311004353)
  [1m[36mTRANSACTION (0.0ms)[0m  [1m[36mbegin transaction[0m
  [1m[35m (1.1ms)[0m  [1m[35mCREATE TABLE "payments" ("id" integer PRIMARY KEY AUTOINCREMENT NOT NULL, "order_id" integer NOT NULL, "amount" decimal, "payment_method" varchar, "status" varchar, "transaction_id" varchar, "created_at" datetime(6) NOT NULL, "updated_at" datetime(6) NOT NULL, CONSTRAINT "fk_rails_6af949464b"
FOREIGN KEY ("order_id")
  REFERENCES "orders" ("id")
)[0m
  [1m[35m (0.1ms)[0m  [1m[35mCREATE INDEX "index_payments_on_order_id" ON "payments" ("order_id")[0m
  [1m[36mActiveRecord::SchemaMigration Create (0.1ms)[0m  [1m[32mINSERT INTO "schema_migrations" ("version") VALUES ('20250311004353') RETURNING "version"[0m
  [1m[36mTRANSACTION (0.2ms)[0m  [1m[36mcommit transaction[0m
Migrating to CreateShippingAddresses (20250311004354)
  [1m[36mTRANSACTION (0.0ms)[0m  [1m[36mbegin transaction[0m
  [1m[35m (0.8ms)[0m  [1m[35mCREATE TABLE "shipping_addresses" ("id" integer PRIMARY KEY AUTOINCREMENT NOT NULL, "user_id" integer NOT NULL, "street" varchar, "city" varchar, "state" varchar, "postal_code" varchar, "country" varchar, "created_at" datetime(6) NOT NULL, "updated_at" datetime(6) NOT NULL, CONSTRAINT "fk_rails_bbbd7e8713"
FOREIGN KEY ("user_id")
  REFERENCES "users" ("id")
)[0m
  [1m[35m (0.1ms)[0m  [1m[35mCREATE INDEX "index_shipping_addresses_on_user_id" ON "shipping_addresses" ("user_id")[0m
  [1m[36mActiveRecord::SchemaMigration Create (0.1ms)[0m  [1m[32mINSERT INTO "schema_migrations" ("version") VALUES ('20250311004354') RETURNING "version"[0m
  [1m[36mTRANSACTION (0.1ms)[0m  [1m[36mcommit transaction[0m
Migrating to CreateShipments (20250311004355)
  [1m[36mTRANSACTION (0.0ms)[0m  [1m[36mbegin transaction[0m
  [1m[35m (0.7ms)[0m  [1m[35mCREATE TABLE "shipments" ("id" integer PRIMARY KEY AUTOINCREMENT NOT NULL, "order_id" integer NOT NULL, "tracking_number" varchar, "carrier" varchar, "status" varchar, "estimated_delivery" datetime(6), "created_at" datetime(6) NOT NULL, "updated_at" datetime(6) NOT NULL, CONSTRAINT "fk_rails_9892d6a938"
FOREIGN KEY ("order_id")
  REFERENCES "orders" ("id")
)[0m
  [1m[35m (0.1ms)[0m  [1m[35mCREATE INDEX "index_shipments_on_order_id" ON "shipments" ("order_id")[0m
  [1m[36mActiveRecord::SchemaMigration Create (0.1ms)[0m  [1m[32mINSERT INTO "schema_migrations" ("version") VALUES ('20250311004355') RETURNING "version"[0m
  [1m[36mTRANSACTION (0.1ms)[0m  [1m[36mcommit transaction[0m
  [1m[36mActiveRecord::SchemaMigration Load (0.0ms)[0m  [1m[34mSELECT "schema_migrations"."version" FROM "schema_migrations" ORDER BY "schema_migrations"."version" ASC[0m
  [1m[36mActiveRecord::SchemaMigration Load (0.1ms)[0m  [1m[34mSELECT "schema_migrations"."version" FROM "schema_migrations" ORDER BY "schema_migrations"."version" ASC[0m
  [1m[36mTRANSACTION (0.0ms)[0m  [1m[36mbegin transaction[0m
  [1m[36mUser Exists? (0.9ms)[0m  [1m[34mSELECT 1 AS one FROM "users" WHERE "users"."email" = ? LIMIT ?[0m  [["email", "admin@example.com"], ["LIMIT", 1]]
  [1m[36mUser Create (0.2ms)[0m  [1m[32mINSERT INTO "users" ("name", "email", "password_digest", "role", "created_at", "updated_at") VALUES (?, ?, ?, ?, ?, ?) RETURNING "id"[0m  [["name", "Admin User"], ["email", "admin@example.com"], ["password_digest", "[FILTERED]"], ["role", "admin"], ["created_at", "2025-03-11 00:46:48.657237"], ["updated_at", "2025-03-11 00:46:48.657237"]]
  [1m[36mTRANSACTION (2.3ms)[0m  [1m[36mcommit transaction[0m
  [1m[36mTRANSACTION (0.0ms)[0m  [1m[36mbegin transaction[0m
  [1m[36mUser Exists? (0.8ms)[0m  [1m[34mSELECT 1 AS one FROM "users" WHERE "users"."email" = ? LIMIT ?[0m  [["email", "customer@example.com"], ["LIMIT", 1]]
  [1m[36mUser Create (0.1ms)[0m  [1m[32mINSERT INTO "users" ("name", "email", "password_digest", "role", "created_at", "updated_at") VALUES (?, ?, ?, ?, ?, ?) RETURNING "id"[0m  [["name", "Customer User"], ["email", "customer@example.com"], ["password_digest", "[FILTERED]"], ["role", "customer"], ["created_at", "2025-03-11 00:46:48.893287"], ["updated_at", "2025-03-11 00:46:48.893287"]]
  [1m[36mTRANSACTION (0.1ms)[0m  [1m[36mcommit transaction[0m
  [1m[36mTRANSACTION (0.0ms)[0m  [1m[36mbegin transaction[0m
  [1m[36mShippingAddress Create (1.1ms)[0m  [1m[32mINSERT INTO "shipping_addresses" ("user_id", "street", "city", "state", "postal_code", "country", "created_at", "updated_at") VALUES (?, ?, ?, ?, ?, ?, ?, ?) RETURNING "id"[0m  [["user_id", 2], ["street", "123 Main St"], ["city", "Anytown"], ["state", "CA"], ["postal_code", "12345"], ["country", "USA"], ["created_at", "2025-03-11 00:46:48.909941"], ["updated_at", "2025-03-11 00:46:48.909941"]]
  [1m[36mTRANSACTION (0.1ms)[0m  [1m[36mcommit transaction[0m
  [1m[36mTRANSACTION (0.0ms)[0m  [1m[36mbegin transaction[0m
  [1m[36mProduct Create (0.8ms)[0m  [1m[32mINSERT INTO "products" ("name", "description", "price", "stock_quantity", "category", "created_at", "updated_at") VALUES (?, ?, ?, ?, ?, ?, ?) RETURNING "id"[0m  [["name", "Product 1"], ["description", "This is a description for product 1"], ["price", 909.09], ["stock_quantity", 33], ["category", "Books"], ["created_at", "2025-03-11 00:46:48.920927"], ["updated_at", "2025-03-11 00:46:48.920927"]]
  [1m[36mTRANSACTION (0.1ms)[0m  [1m[36mcommit transaction[0m
  [1m[36mTRANSACTION (0.0ms)[0m  [1m[36mbegin transaction[0m
  [1m[36mProduct Create (1.1ms)[0m  [1m[32mINSERT INTO "products" ("name", "description", "price", "stock_quantity", "category", "created_at", "updated_at") VALUES (?, ?, ?, ?, ?, ?, ?) RETURNING "id"[0m  [["name", "Product 2"], ["description", "This is a description for product 2"], ["price", 717.09], ["stock_quantity", 13], ["category", "Electronics"], ["created_at", "2025-03-11 00:46:48.924524"], ["updated_at", "2025-03-11 00:46:48.924524"]]
  [1m[36mTRANSACTION (0.1ms)[0m  [1m[36mcommit transaction[0m
  [1m[36mTRANSACTION (0.0ms)[0m  [1m[36mbegin transaction[0m
  [1m[36mProduct Create (1.0ms)[0m  [1m[32mINSERT INTO "products" ("name", "description", "price", "stock_quantity", "category", "created_at", "updated_at") VALUES (?, ?, ?, ?, ?, ?, ?) RETURNING "id"[0m  [["name", "Product 3"], ["description", "This is a description for product 3"], ["price", 656.23], ["stock_quantity", 80], ["category", "Electronics"], ["created_at", "2025-03-11 00:46:48.927972"], ["updated_at", "2025-03-11 00:46:48.927972"]]
  [1m[36mTRANSACTION (0.1ms)[0m  [1m[36mcommit transaction[0m
  [1m[36mTRANSACTION (0.0ms)[0m  [1m[36mbegin transaction[0m
  [1m[36mProduct Create (33.5ms)[0m  [1m[32mINSERT INTO "products" ("name", "description", "price", "stock_quantity", "category", "created_at", "updated_at") VALUES (?, ?, ?, ?, ?, ?, ?) RETURNING "id"[0m  [["name", "Product 4"], ["description", "This is a description for product 4"], ["price", 617.65], ["stock_quantity", 57], ["category", "Clothing"], ["created_at", "2025-03-11 00:46:48.930645"], ["updated_at", "2025-03-11 00:46:48.930645"]]
  [1m[36mTRANSACTION (0.1ms)[0m  [1m[36mcommit transaction[0m
  [1m[36mTRANSACTION (0.0ms)[0m  [1m[36mbegin transaction[0m
  [1m[36mProduct Create (0.7ms)[0m  [1m[32mINSERT INTO "products" ("name", "description", "price", "stock_quantity", "category", "created_at", "updated_at") VALUES (?, ?, ?, ?, ?, ?, ?) RETURNING "id"[0m  [["name", "Product 5"], ["description", "This is a description for product 5"], ["price", 110.67], ["stock_quantity", 64], ["category", "Clothing"], ["created_at", "2025-03-11 00:46:48.965833"], ["updated_at", "2025-03-11 00:46:48.965833"]]
  [1m[36mTRANSACTION (0.1ms)[0m  [1m[36mcommit transaction[0m
  [1m[36mTRANSACTION (0.0ms)[0m  [1m[36mbegin transaction[0m
  [1m[36mProduct Create (0.8ms)[0m  [1m[32mINSERT INTO "products" ("name", "description", "price", "stock_quantity", "category", "created_at", "updated_at") VALUES (?, ?, ?, ?, ?, ?, ?) RETURNING "id"[0m  [["name", "Product 6"], ["description", "This is a description for product 6"], ["price", 790.71], ["stock_quantity", 99], ["category", "Home"], ["created_at", "2025-03-11 00:46:48.968662"], ["updated_at", "2025-03-11 00:46:48.968662"]]
  [1m[36mTRANSACTION (0.1ms)[0m  [1m[36mcommit transaction[0m
  [1m[36mTRANSACTION (0.0ms)[0m  [1m[36mbegin transaction[0m
  [1m[36mProduct Create (1.1ms)[0m  [1m[32mINSERT INTO "products" ("name", "description", "price", "stock_quantity", "category", "created_at", "updated_at") VALUES (?, ?, ?, ?, ?, ?, ?) RETURNING "id"[0m  [["name", "Product 7"], ["description", "This is a description for product 7"], ["price", 943.8], ["stock_quantity", 79], ["category", "Clothing"], ["created_at", "2025-03-11 00:46:48.970998"], ["updated_at", "2025-03-11 00:46:48.970998"]]
  [1m[36mTRANSACTION (0.1ms)[0m  [1m[36mcommit transaction[0m
  [1m[36mTRANSACTION (0.0ms)[0m  [1m[36mbegin transaction[0m
  [1m[36mProduct Create (0.7ms)[0m  [1m[32mINSERT INTO "products" ("name", "description", "price", "stock_quantity", "category", "created_at", "updated_at") VALUES (?, ?, ?, ?, ?, ?, ?) RETURNING "id"[0m  [["name", "Product 8"], ["description", "This is a description for product 8"], ["price", 387.57], ["stock_quantity", 8], ["category", "Clothing"], ["created_at", "2025-03-11 00:46:48.973644"], ["updated_at", "2025-03-11 00:46:48.973644"]]
  [1m[36mTRANSACTION (0.1ms)[0m  [1m[36mcommit transaction[0m
  [1m[36mTRANSACTION (0.1ms)[0m  [1m[36mbegin transaction[0m
  [1m[36mProduct Create (0.8ms)[0m  [1m[32mINSERT INTO "products" ("name", "description", "price", "stock_quantity", "category", "created_at", "updated_at") VALUES (?, ?, ?, ?, ?, ?, ?) RETURNING "id"[0m  [["name", "Product 9"], ["description", "This is a description for product 9"], ["price", 74.29], ["stock_quantity", 21], ["category", "Home"], ["created_at", "2025-03-11 00:46:48.975871"], ["updated_at", "2025-03-11 00:46:48.975871"]]
  [1m[36mTRANSACTION (0.1ms)[0m  [1m[36mcommit transaction[0m
  [1m[36mTRANSACTION (0.0ms)[0m  [1m[36mbegin transaction[0m
  [1m[36mProduct Create (0.7ms)[0m  [1m[32mINSERT INTO "products" ("name", "description", "price", "stock_quantity", "category", "created_at", "updated_at") VALUES (?, ?, ?, ?, ?, ?, ?) RETURNING "id"[0m  [["name", "Product 10"], ["description", "This is a description for product 10"], ["price", 269.74], ["stock_quantity", 22], ["category", "Books"], ["created_at", "2025-03-11 00:46:48.978431"], ["updated_at", "2025-03-11 00:46:48.978431"]]
  [1m[36mTRANSACTION (0.1ms)[0m  [1m[36mcommit transaction[0m
  [1m[36mTRANSACTION (0.0ms)[0m  [1m[36mbegin transaction[0m
  [1m[36mProduct Create (0.7ms)[0m  [1m[32mINSERT INTO "products" ("name", "description", "price", "stock_quantity", "category", "created_at", "updated_at") VALUES (?, ?, ?, ?, ?, ?, ?) RETURNING "id"[0m  [["name", "Product 11"], ["description", "This is a description for product 11"], ["price", 344.46], ["stock_quantity", 19], ["category", "Sports"], ["created_at", "2025-03-11 00:46:48.981135"], ["updated_at", "2025-03-11 00:46:48.981135"]]
  [1m[36mTRANSACTION (0.1ms)[0m  [1m[36mcommit transaction[0m
  [1m[36mTRANSACTION (0.0ms)[0m  [1m[36mbegin transaction[0m
  [1m[36mProduct Create (1.1ms)[0m  [1m[32mINSERT INTO "products" ("name", "description", "price", "stock_quantity", "category", "created_at", "updated_at") VALUES (?, ?, ?, ?, ?, ?, ?) RETURNING "id"[0m  [["name", "Product 12"], ["description", "This is a description for product 12"], ["price", 33.44], ["stock_quantity", 1], ["category", "Home"], ["created_at", "2025-03-11 00:46:48.983606"], ["updated_at", "2025-03-11 00:46:48.983606"]]
  [1m[36mTRANSACTION (0.1ms)[0m  [1m[36mcommit transaction[0m
  [1m[36mTRANSACTION (0.0ms)[0m  [1m[36mbegin transaction[0m
  [1m[36mProduct Create (0.7ms)[0m  [1m[32mINSERT INTO "products" ("name", "description", "price", "stock_quantity", "category", "created_at", "updated_at") VALUES (?, ?, ?, ?, ?, ?, ?) RETURNING "id"[0m  [["name", "Product 13"], ["description", "This is a description for product 13"], ["price", 949.48], ["stock_quantity", 69], ["category", "Electronics"], ["created_at", "2025-03-11 00:46:48.986404"], ["updated_at", "2025-03-11 00:46:48.986404"]]
  [1m[36mTRANSACTION (0.1ms)[0m  [1m[36mcommit transaction[0m
  [1m[36mTRANSACTION (0.0ms)[0m  [1m[36mbegin transaction[0m
  [1m[36mProduct Create (0.9ms)[0m  [1m[32mINSERT INTO "products" ("name", "description", "price", "stock_quantity", "category", "created_at", "updated_at") VALUES (?, ?, ?, ?, ?, ?, ?) RETURNING "id"[0m  [["name", "Product 14"], ["description", "This is a description for product 14"], ["price", 96.03], ["stock_quantity", 23], ["category", "Sports"], ["created_at", "2025-03-11 00:46:48.988958"], ["updated_at", "2025-03-11 00:46:48.988958"]]
  [1m[36mTRANSACTION (0.1ms)[0m  [1m[36mcommit transaction[0m
  [1m[36mTRANSACTION (0.0ms)[0m  [1m[36mbegin transaction[0m
  [1m[36mProduct Create (1.0ms)[0m  [1m[32mINSERT INTO "products" ("name", "description", "price", "stock_quantity", "category", "created_at", "updated_at") VALUES (?, ?, ?, ?, ?, ?, ?) RETURNING "id"[0m  [["name", "Product 15"], ["description", "This is a description for product 15"], ["price", 960.92], ["stock_quantity", 54], ["category", "Electronics"], ["created_at", "2025-03-11 00:46:48.991646"], ["updated_at", "2025-03-11 00:46:48.991646"]]
  [1m[36mTRANSACTION (0.1ms)[0m  [1m[36mcommit transaction[0m
  [1m[36mTRANSACTION (0.0ms)[0m  [1m[36mbegin transaction[0m
  [1m[36mProduct Create (0.7ms)[0m  [1m[32mINSERT INTO "products" ("name", "description", "price", "stock_quantity", "category", "created_at", "updated_at") VALUES (?, ?, ?, ?, ?, ?, ?) RETURNING "id"[0m  [["name", "Product 16"], ["description", "This is a description for product 16"], ["price", 386.17], ["stock_quantity", 76], ["category", "Electronics"], ["created_at", "2025-03-11 00:46:48.994162"], ["updated_at", "2025-03-11 00:46:48.994162"]]
  [1m[36mTRANSACTION (0.1ms)[0m  [1m[36mcommit transaction[0m
  [1m[36mTRANSACTION (0.0ms)[0m  [1m[36mbegin transaction[0m
  [1m[36mProduct Create (0.7ms)[0m  [1m[32mINSERT INTO "products" ("name", "description", "price", "stock_quantity", "category", "created_at", "updated_at") VALUES (?, ?, ?, ?, ?, ?, ?) RETURNING "id"[0m  [["name", "Product 17"], ["description", "This is a description for product 17"], ["price", 625.02], ["stock_quantity", 6], ["category", "Clothing"], ["created_at", "2025-03-11 00:46:48.996538"], ["updated_at", "2025-03-11 00:46:48.996538"]]
  [1m[36mTRANSACTION (0.1ms)[0m  [1m[36mcommit transaction[0m
  [1m[36mTRANSACTION (0.0ms)[0m  [1m[36mbegin transaction[0m
  [1m[36mProduct Create (0.8ms)[0m  [1m[32mINSERT INTO "products" ("name", "description", "price", "stock_quantity", "category", "created_at", "updated_at") VALUES (?, ?, ?, ?, ?, ?, ?) RETURNING "id"[0m  [["name", "Product 18"], ["description", "This is a description for product 18"], ["price", 798.87], ["stock_quantity", 71], ["category", "Sports"], ["created_at", "2025-03-11 00:46:48.998881"], ["updated_at", "2025-03-11 00:46:48.998881"]]
  [1m[36mTRANSACTION (0.1ms)[0m  [1m[36mcommit transaction[0m
  [1m[36mTRANSACTION (0.0ms)[0m  [1m[36mbegin transaction[0m
  [1m[36mProduct Create (0.8ms)[0m  [1m[32mINSERT INTO "products" ("name", "description", "price", "stock_quantity", "category", "created_at", "updated_at") VALUES (?, ?, ?, ?, ?, ?, ?) RETURNING "id"[0m  [["name", "Product 19"], ["description", "This is a description for product 19"], ["price", 904.6], ["stock_quantity", 88], ["category", "Books"], ["created_at", "2025-03-11 00:46:49.001218"], ["updated_at", "2025-03-11 00:46:49.001218"]]
  [1m[36mTRANSACTION (0.1ms)[0m  [1m[36mcommit transaction[0m
  [1m[36mTRANSACTION (0.0ms)[0m  [1m[36mbegin transaction[0m
  [1m[36mProduct Create (0.8ms)[0m  [1m[32mINSERT INTO "products" ("name", "description", "price", "stock_quantity", "category", "created_at", "updated_at") VALUES (?, ?, ?, ?, ?, ?, ?) RETURNING "id"[0m  [["name", "Product 20"], ["description", "This is a description for product 20"], ["price", 984.11], ["stock_quantity", 94], ["category", "Books"], ["created_at", "2025-03-11 00:46:49.003589"], ["updated_at", "2025-03-11 00:46:49.003589"]]
  [1m[36mTRANSACTION (0.1ms)[0m  [1m[36mcommit transaction[0m
  [1m[35m (0.8ms)[0m  [1m[35mCREATE TABLE "schema_migrations" ("version" varchar NOT NULL PRIMARY KEY)[0m
  [1m[35m (0.2ms)[0m  [1m[35mCREATE TABLE "ar_internal_metadata" ("key" varchar NOT NULL PRIMARY KEY, "value" varchar, "created_at" datetime(6) NOT NULL, "updated_at" datetime(6) NOT NULL)[0m
  [1m[36mActiveRecord::InternalMetadata Load (0.1ms)[0m  [1m[34mSELECT * FROM "ar_internal_metadata" WHERE "ar_internal_metadata"."key" = ? ORDER BY "ar_internal_metadata"."key" ASC LIMIT 1[0m  [[nil, "environment"]]
  [1m[36mActiveRecord::InternalMetadata Create (0.1ms)[0m  [1m[32mINSERT INTO "ar_internal_metadata" ("key", "value", "created_at", "updated_at") VALUES ('environment', 'development', '2025-03-11 00:54:36.658287', '2025-03-11 00:54:36.658291') RETURNING "key"[0m
  [1m[36mActiveRecord::SchemaMigration Load (0.1ms)[0m  [1m[34mSELECT "schema_migrations"."version" FROM "schema_migrations" ORDER BY "schema_migrations"."version" ASC[0m
Migrating to CreateUsers (20250311004349)
  [1m[36mTRANSACTION (0.0ms)[0m  [1m[36mbegin transaction[0m
  [1m[35m (0.9ms)[0m  [1m[35mCREATE TABLE "users" ("id" integer PRIMARY KEY AUTOINCREMENT NOT NULL, "name" varchar, "email" varchar, "password_digest" varchar, "role" varchar, "created_at" datetime(6) NOT NULL, "updated_at" datetime(6) NOT NULL)[0m
  [1m[35m (0.1ms)[0m  [1m[35mCREATE UNIQUE INDEX "index_users_on_email" ON "users" ("email")[0m
  [1m[36mActiveRecord::SchemaMigration Create (0.2ms)[0m  [1m[32mINSERT INTO "schema_migrations" ("version") VALUES ('20250311004349') RETURNING "version"[0m
  [1m[36mTRANSACTION (0.1ms)[0m  [1m[36mcommit transaction[0m
Migrating to CreateProducts (20250311004350)
  [1m[36mTRANSACTION (0.0ms)[0m  [1m[36mbegin transaction[0m
  [1m[35m (0.8ms)[0m  [1m[35mCREATE TABLE "products" ("id" integer PRIMARY KEY AUTOINCREMENT NOT NULL, "name" varchar, "description" text, "price" decimal, "stock_quantity" integer, "category" varchar, "created_at" datetime(6) NOT NULL, "updated_at" datetime(6) NOT NULL)[0m
  [1m[36mActiveRecord::SchemaMigration Create (0.2ms)[0m  [1m[32mINSERT INTO "schema_migrations" ("version") VALUES ('20250311004350') RETURNING "version"[0m
  [1m[36mTRANSACTION (0.1ms)[0m  [1m[36mcommit transaction[0m
Migrating to CreateOrders (20250311004351)
  [1m[36mTRANSACTION (0.0ms)[0m  [1m[36mbegin transaction[0m
  [1m[35m (0.8ms)[0m  [1m[35mCREATE TABLE "orders" ("id" integer PRIMARY KEY AUTOINCREMENT NOT NULL, "user_id" integer NOT NULL, "status" varchar, "total_amount" decimal, "created_at" datetime(6) NOT NULL, "updated_at" datetime(6) NOT NULL, CONSTRAINT "fk_rails_f868b47f6a"
FOREIGN KEY ("user_id")
  REFERENCES "users" ("id")
)[0m
  [1m[35m (0.1ms)[0m  [1m[35mCREATE INDEX "index_orders_on_user_id" ON "orders" ("user_id")[0m
  [1m[36mActiveRecord::SchemaMigration Create (0.2ms)[0m  [1m[32mINSERT INTO "schema_migrations" ("version") VALUES ('20250311004351') RETURNING "version"[0m
  [1m[36mTRANSACTION (0.1ms)[0m  [1m[36mcommit transaction[0m
Migrating to CreateOrderItems (20250311004352)
  [1m[36mTRANSACTION (0.0ms)[0m  [1m[36mbegin transaction[0m
  [1m[35m (0.8ms)[0m  [1m[35mCREATE TABLE "order_items" ("id" integer PRIMARY KEY AUTOINCREMENT NOT NULL, "order_id" integer NOT NULL, "product_id" integer NOT NULL, "quantity" integer, "price" decimal, "created_at" datetime(6) NOT NULL, "updated_at" datetime(6) NOT NULL, CONSTRAINT "fk_rails_e3cb28f071"
FOREIGN KEY ("order_id")
  REFERENCES "orders" ("id")
, CONSTRAINT "fk_rails_f1a29ddd47"
FOREIGN KEY ("product_id")
  REFERENCES "products" ("id")
)[0m
  [1m[35m (0.1ms)[0m  [1m[35mCREATE INDEX "index_order_items_on_order_id" ON "order_items" ("order_id")[0m
  [1m[35m (0.1ms)[0m  [1m[35mCREATE INDEX "index_order_items_on_product_id" ON "order_items" ("product_id")[0m
  [1m[36mActiveRecord::SchemaMigration Create (0.2ms)[0m  [1m[32mINSERT INTO "schema_migrations" ("version") VALUES ('20250311004352') RETURNING "version"[0m
  [1m[36mTRANSACTION (0.1ms)[0m  [1m[36mcommit transaction[0m
Migrating to CreatePayments (20250311004353)
  [1m[36mTRANSACTION (0.0ms)[0m  [1m[36mbegin transaction[0m
  [1m[35m (0.7ms)[0m  [1m[35mCREATE TABLE "payments" ("id" integer PRIMARY KEY AUTOINCREMENT NOT NULL, "order_id" integer NOT NULL, "amount" decimal, "payment_method" varchar, "status" varchar, "transaction_id" varchar, "created_at" datetime(6) NOT NULL, "updated_at" datetime(6) NOT NULL, CONSTRAINT "fk_rails_6af949464b"
FOREIGN KEY ("order_id")
  REFERENCES "orders" ("id")
)[0m
  [1m[35m (0.1ms)[0m  [1m[35mCREATE INDEX "index_payments_on_order_id" ON "payments" ("order_id")[0m
  [1m[36mActiveRecord::SchemaMigration Create (0.2ms)[0m  [1m[32mINSERT INTO "schema_migrations" ("version") VALUES ('20250311004353') RETURNING "version"[0m
  [1m[36mTRANSACTION (0.1ms)[0m  [1m[36mcommit transaction[0m
Migrating to CreateShippingAddresses (20250311004354)
  [1m[36mTRANSACTION (0.0ms)[0m  [1m[36mbegin transaction[0m
  [1m[35m (0.8ms)[0m  [1m[35mCREATE TABLE "shipping_addresses" ("id" integer PRIMARY KEY AUTOINCREMENT NOT NULL, "user_id" integer NOT NULL, "street" varchar, "city" varchar, "state" varchar, "postal_code" varchar, "country" varchar, "created_at" datetime(6) NOT NULL, "updated_at" datetime(6) NOT NULL, CONSTRAINT "fk_rails_bbbd7e8713"
FOREIGN KEY ("user_id")
  REFERENCES "users" ("id")
)[0m
  [1m[35m (0.1ms)[0m  [1m[35mCREATE INDEX "index_shipping_addresses_on_user_id" ON "shipping_addresses" ("user_id")[0m
  [1m[36mActiveRecord::SchemaMigration Create (0.3ms)[0m  [1m[32mINSERT INTO "schema_migrations" ("version") VALUES ('20250311004354') RETURNING "version"[0m
  [1m[36mTRANSACTION (0.1ms)[0m  [1m[36mcommit transaction[0m
Migrating to CreateShipments (20250311004355)
  [1m[36mTRANSACTION (0.0ms)[0m  [1m[36mbegin transaction[0m
  [1m[35m (0.7ms)[0m  [1m[35mCREATE TABLE "shipments" ("id" integer PRIMARY KEY AUTOINCREMENT NOT NULL, "order_id" integer NOT NULL, "tracking_number" varchar, "carrier" varchar, "status" varchar, "estimated_delivery" datetime(6), "created_at" datetime(6) NOT NULL, "updated_at" datetime(6) NOT NULL, CONSTRAINT "fk_rails_9892d6a938"
FOREIGN KEY ("order_id")
  REFERENCES "orders" ("id")
)[0m
  [1m[35m (0.1ms)[0m  [1m[35mCREATE INDEX "index_shipments_on_order_id" ON "shipments" ("order_id")[0m
  [1m[36mActiveRecord::SchemaMigration Create (0.1ms)[0m  [1m[32mINSERT INTO "schema_migrations" ("version") VALUES ('20250311004355') RETURNING "version"[0m
  [1m[36mTRANSACTION (0.1ms)[0m  [1m[36mcommit transaction[0m
  [1m[36mActiveRecord::SchemaMigration Load (0.0ms)[0m  [1m[34mSELECT "schema_migrations"."version" FROM "schema_migrations" ORDER BY "schema_migrations"."version" ASC[0m
  [1m[36mActiveRecord::SchemaMigration Load (0.0ms)[0m  [1m[34mSELECT "schema_migrations"."version" FROM "schema_migrations" ORDER BY "schema_migrations"."version" ASC[0m
  [1m[36mTRANSACTION (0.1ms)[0m  [1m[36mbegin transaction[0m
  [1m[36mUser Exists? (0.9ms)[0m  [1m[34mSELECT 1 AS one FROM "users" WHERE "users"."email" = ? LIMIT ?[0m  [["email", "admin@example.com"], ["LIMIT", 1]]
  [1m[36mUser Create (0.1ms)[0m  [1m[32mINSERT INTO "users" ("name", "email", "password_digest", "role", "created_at", "updated_at") VALUES (?, ?, ?, ?, ?, ?) RETURNING "id"[0m  [["name", "Admin User"], ["email", "admin@example.com"], ["password_digest", "[FILTERED]"], ["role", "admin"], ["created_at", "2025-03-11 00:54:36.963312"], ["updated_at", "2025-03-11 00:54:36.963312"]]
  [1m[36mTRANSACTION (0.1ms)[0m  [1m[36mcommit transaction[0m
  [1m[36mTRANSACTION (0.0ms)[0m  [1m[36mbegin transaction[0m
  [1m[36mUser Exists? (0.8ms)[0m  [1m[34mSELECT 1 AS one FROM "users" WHERE "users"."email" = ? LIMIT ?[0m  [["email", "customer@example.com"], ["LIMIT", 1]]
  [1m[36mUser Create (0.1ms)[0m  [1m[32mINSERT INTO "users" ("name", "email", "password_digest", "role", "created_at", "updated_at") VALUES (?, ?, ?, ?, ?, ?) RETURNING "id"[0m  [["name", "Customer User"], ["email", "customer@example.com"], ["password_digest", "[FILTERED]"], ["role", "customer"], ["created_at", "2025-03-11 00:54:37.193302"], ["updated_at", "2025-03-11 00:54:37.193302"]]
  [1m[36mTRANSACTION (0.1ms)[0m  [1m[36mcommit transaction[0m
  [1m[36mTRANSACTION (0.0ms)[0m  [1m[36mbegin transaction[0m
  [1m[36mShippingAddress Create (0.7ms)[0m  [1m[32mINSERT INTO "shipping_addresses" ("user_id", "street", "city", "state", "postal_code", "country", "created_at", "updated_at") VALUES (?, ?, ?, ?, ?, ?, ?, ?) RETURNING "id"[0m  [["user_id", 2], ["street", "123 Main St"], ["city", "Anytown"], ["state", "CA"], ["postal_code", "12345"], ["country", "USA"], ["created_at", "2025-03-11 00:54:37.206908"], ["updated_at", "2025-03-11 00:54:37.206908"]]
  [1m[36mTRANSACTION (0.1ms)[0m  [1m[36mcommit transaction[0m
  [1m[36mTRANSACTION (0.0ms)[0m  [1m[36mbegin transaction[0m
  [1m[36mProduct Create (0.7ms)[0m  [1m[32mINSERT INTO "products" ("name", "description", "price", "stock_quantity", "category", "created_at", "updated_at") VALUES (?, ?, ?, ?, ?, ?, ?) RETURNING "id"[0m  [["name", "Product 1"], ["description", "This is a description for product 1"], ["price", 142.16], ["stock_quantity", 91], ["category", "Electronics"], ["created_at", "2025-03-11 00:54:37.217371"], ["updated_at", "2025-03-11 00:54:37.217371"]]
  [1m[36mTRANSACTION (0.1ms)[0m  [1m[36mcommit transaction[0m
  [1m[36mTRANSACTION (0.0ms)[0m  [1m[36mbegin transaction[0m
  [1m[36mProduct Create (0.8ms)[0m  [1m[32mINSERT INTO "products" ("name", "description", "price", "stock_quantity", "category", "created_at", "updated_at") VALUES (?, ?, ?, ?, ?, ?, ?) RETURNING "id"[0m  [["name", "Product 2"], ["description", "This is a description for product 2"], ["price", 670.46], ["stock_quantity", 34], ["category", "Clothing"], ["created_at", "2025-03-11 00:54:37.219860"], ["updated_at", "2025-03-11 00:54:37.219860"]]
  [1m[36mTRANSACTION (0.1ms)[0m  [1m[36mcommit transaction[0m
  [1m[36mTRANSACTION (0.0ms)[0m  [1m[36mbegin transaction[0m
  [1m[36mProduct Create (2.4ms)[0m  [1m[32mINSERT INTO "products" ("name", "description", "price", "stock_quantity", "category", "created_at", "updated_at") VALUES (?, ?, ?, ?, ?, ?, ?) RETURNING "id"[0m  [["name", "Product 3"], ["description", "This is a description for product 3"], ["price", 729.46], ["stock_quantity", 24], ["category", "Clothing"], ["created_at", "2025-03-11 00:54:37.222414"], ["updated_at", "2025-03-11 00:54:37.222414"]]
  [1m[36mTRANSACTION (0.1ms)[0m  [1m[36mcommit transaction[0m
  [1m[36mTRANSACTION (0.0ms)[0m  [1m[36mbegin transaction[0m
  [1m[36mProduct Create (1.1ms)[0m  [1m[32mINSERT INTO "products" ("name", "description", "price", "stock_quantity", "category", "created_at", "updated_at") VALUES (?, ?, ?, ?, ?, ?, ?) RETURNING "id"[0m  [["name", "Product 4"], ["description", "This is a description for product 4"], ["price", 863.4], ["stock_quantity", 51], ["category", "Electronics"], ["created_at", "2025-03-11 00:54:37.261282"], ["updated_at", "2025-03-11 00:54:37.261282"]]
  [1m[36mTRANSACTION (0.1ms)[0m  [1m[36mcommit transaction[0m
  [1m[36mTRANSACTION (0.0ms)[0m  [1m[36mbegin transaction[0m
  [1m[36mProduct Create (1.4ms)[0m  [1m[32mINSERT INTO "products" ("name", "description", "price", "stock_quantity", "category", "created_at", "updated_at") VALUES (?, ?, ?, ?, ?, ?, ?) RETURNING "id"[0m  [["name", "Product 5"], ["description", "This is a description for product 5"], ["price", 18.77], ["stock_quantity", 6], ["category", "Sports"], ["created_at", "2025-03-11 00:54:37.263954"], ["updated_at", "2025-03-11 00:54:37.263954"]]
  [1m[36mTRANSACTION (0.1ms)[0m  [1m[36mcommit transaction[0m
  [1m[36mTRANSACTION (0.0ms)[0m  [1m[36mbegin transaction[0m
  [1m[36mProduct Create (0.8ms)[0m  [1m[32mINSERT INTO "products" ("name", "description", "price", "stock_quantity", "category", "created_at", "updated_at") VALUES (?, ?, ?, ?, ?, ?, ?) RETURNING "id"[0m  [["name", "Product 6"], ["description", "This is a description for product 6"], ["price", 287.64], ["stock_quantity", 67], ["category", "Sports"], ["created_at", "2025-03-11 00:54:37.266946"], ["updated_at", "2025-03-11 00:54:37.266946"]]
  [1m[36mTRANSACTION (0.1ms)[0m  [1m[36mcommit transaction[0m
  [1m[36mTRANSACTION (0.0ms)[0m  [1m[36mbegin transaction[0m
  [1m[36mProduct Create (0.8ms)[0m  [1m[32mINSERT INTO "products" ("name", "description", "price", "stock_quantity", "category", "created_at", "updated_at") VALUES (?, ?, ?, ?, ?, ?, ?) RETURNING "id"[0m  [["name", "Product 7"], ["description", "This is a description for product 7"], ["price", 788.96], ["stock_quantity", 5], ["category", "Books"], ["created_at", "2025-03-11 00:54:37.269744"], ["updated_at", "2025-03-11 00:54:37.269744"]]
  [1m[36mTRANSACTION (0.1ms)[0m  [1m[36mcommit transaction[0m
  [1m[36mTRANSACTION (0.0ms)[0m  [1m[36mbegin transaction[0m
  [1m[36mProduct Create (1.1ms)[0m  [1m[32mINSERT INTO "products" ("name", "description", "price", "stock_quantity", "category", "created_at", "updated_at") VALUES (?, ?, ?, ?, ?, ?, ?) RETURNING "id"[0m  [["name", "Product 8"], ["description", "This is a description for product 8"], ["price", 486.6], ["stock_quantity", 46], ["category", "Sports"], ["created_at", "2025-03-11 00:54:37.272072"], ["updated_at", "2025-03-11 00:54:37.272072"]]
  [1m[36mTRANSACTION (0.1ms)[0m  [1m[36mcommit transaction[0m
  [1m[36mTRANSACTION (0.0ms)[0m  [1m[36mbegin transaction[0m
  [1m[36mProduct Create (0.7ms)[0m  [1m[32mINSERT INTO "products" ("name", "description", "price", "stock_quantity", "category", "created_at", "updated_at") VALUES (?, ?, ?, ?, ?, ?, ?) RETURNING "id"[0m  [["name", "Product 9"], ["description", "This is a description for product 9"], ["price", 805.94], ["stock_quantity", 8], ["category", "Electronics"], ["created_at", "2025-03-11 00:54:37.274677"], ["updated_at", "2025-03-11 00:54:37.274677"]]
  [1m[36mTRANSACTION (0.1ms)[0m  [1m[36mcommit transaction[0m
  [1m[36mTRANSACTION (0.0ms)[0m  [1m[36mbegin transaction[0m
  [1m[36mProduct Create (0.9ms)[0m  [1m[32mINSERT INTO "products" ("name", "description", "price", "stock_quantity", "category", "created_at", "updated_at") VALUES (?, ?, ?, ?, ?, ?, ?) RETURNING "id"[0m  [["name", "Product 10"], ["description", "This is a description for product 10"], ["price", 329.12], ["stock_quantity", 77], ["category", "Electronics"], ["created_at", "2025-03-11 00:54:37.276956"], ["updated_at", "2025-03-11 00:54:37.276956"]]
  [1m[36mTRANSACTION (0.1ms)[0m  [1m[36mcommit transaction[0m
  [1m[36mTRANSACTION (0.0ms)[0m  [1m[36mbegin transaction[0m
  [1m[36mProduct Create (0.7ms)[0m  [1m[32mINSERT INTO "products" ("name", "description", "price", "stock_quantity", "category", "created_at", "updated_at") VALUES (?, ?, ?, ?, ?, ?, ?) RETURNING "id"[0m  [["name", "Product 11"], ["description", "This is a description for product 11"], ["price", 966.93], ["stock_quantity", 30], ["category", "Sports"], ["created_at", "2025-03-11 00:54:37.279224"], ["updated_at", "2025-03-11 00:54:37.279224"]]
  [1m[36mTRANSACTION (0.1ms)[0m  [1m[36mcommit transaction[0m
  [1m[36mTRANSACTION (0.0ms)[0m  [1m[36mbegin transaction[0m
  [1m[36mProduct Create (0.9ms)[0m  [1m[32mINSERT INTO "products" ("name", "description", "price", "stock_quantity", "category", "created_at", "updated_at") VALUES (?, ?, ?, ?, ?, ?, ?) RETURNING "id"[0m  [["name", "Product 12"], ["description", "This is a description for product 12"], ["price", 294.12], ["stock_quantity", 19], ["category", "Sports"], ["created_at", "2025-03-11 00:54:37.281506"], ["updated_at", "2025-03-11 00:54:37.281506"]]
  [1m[36mTRANSACTION (0.1ms)[0m  [1m[36mcommit transaction[0m
  [1m[36mTRANSACTION (0.0ms)[0m  [1m[36mbegin transaction[0m
  [1m[36mProduct Create (0.7ms)[0m  [1m[32mINSERT INTO "products" ("name", "description", "price", "stock_quantity", "category", "created_at", "updated_at") VALUES (?, ?, ?, ?, ?, ?, ?) RETURNING "id"[0m  [["name", "Product 13"], ["description", "This is a description for product 13"], ["price", 921.02], ["stock_quantity", 95], ["category", "Home"], ["created_at", "2025-03-11 00:54:37.284121"], ["updated_at", "2025-03-11 00:54:37.284121"]]
  [1m[36mTRANSACTION (0.1ms)[0m  [1m[36mcommit transaction[0m
  [1m[36mTRANSACTION (0.0ms)[0m  [1m[36mbegin transaction[0m
  [1m[36mProduct Create (0.9ms)[0m  [1m[32mINSERT INTO "products" ("name", "description", "price", "stock_quantity", "category", "created_at", "updated_at") VALUES (?, ?, ?, ?, ?, ?, ?) RETURNING "id"[0m  [["name", "Product 14"], ["description", "This is a description for product 14"], ["price", 889.85], ["stock_quantity", 85], ["category", "Books"], ["created_at", "2025-03-11 00:54:37.286457"], ["updated_at", "2025-03-11 00:54:37.286457"]]
  [1m[36mTRANSACTION (0.1ms)[0m  [1m[36mcommit transaction[0m
  [1m[36mTRANSACTION (0.0ms)[0m  [1m[36mbegin transaction[0m
  [1m[36mProduct Create (1.1ms)[0m  [1m[32mINSERT INTO "products" ("name", "description", "price", "stock_quantity", "category", "created_at", "updated_at") VALUES (?, ?, ?, ?, ?, ?, ?) RETURNING "id"[0m  [["name", "Product 15"], ["description", "This is a description for product 15"], ["price", 784.35], ["stock_quantity", 17], ["category", "Electronics"], ["created_at", "2025-03-11 00:54:37.289184"], ["updated_at", "2025-03-11 00:54:37.289184"]]
  [1m[36mTRANSACTION (0.1ms)[0m  [1m[36mcommit transaction[0m
  [1m[36mTRANSACTION (0.0ms)[0m  [1m[36mbegin transaction[0m
  [1m[36mProduct Create (0.8ms)[0m  [1m[32mINSERT INTO "products" ("name", "description", "price", "stock_quantity", "category", "created_at", "updated_at") VALUES (?, ?, ?, ?, ?, ?, ?) RETURNING "id"[0m  [["name", "Product 16"], ["description", "This is a description for product 16"], ["price", 340.4], ["stock_quantity", 70], ["category", "Electronics"], ["created_at", "2025-03-11 00:54:37.292011"], ["updated_at", "2025-03-11 00:54:37.292011"]]
  [1m[36mTRANSACTION (0.1ms)[0m  [1m[36mcommit transaction[0m
  [1m[36mTRANSACTION (0.0ms)[0m  [1m[36mbegin transaction[0m
  [1m[36mProduct Create (0.9ms)[0m  [1m[32mINSERT INTO "products" ("name", "description", "price", "stock_quantity", "category", "created_at", "updated_at") VALUES (?, ?, ?, ?, ?, ?, ?) RETURNING "id"[0m  [["name", "Product 17"], ["description", "This is a description for product 17"], ["price", 387.82], ["stock_quantity", 13], ["category", "Electronics"], ["created_at", "2025-03-11 00:54:37.294738"], ["updated_at", "2025-03-11 00:54:37.294738"]]
  [1m[36mTRANSACTION (0.1ms)[0m  [1m[36mcommit transaction[0m
  [1m[36mTRANSACTION (0.0ms)[0m  [1m[36mbegin transaction[0m
  [1m[36mProduct Create (1.0ms)[0m  [1m[32mINSERT INTO "products" ("name", "description", "price", "stock_quantity", "category", "created_at", "updated_at") VALUES (?, ?, ?, ?, ?, ?, ?) RETURNING "id"[0m  [["name", "Product 18"], ["description", "This is a description for product 18"], ["price", 370.46], ["stock_quantity", 63], ["category", "Clothing"], ["created_at", "2025-03-11 00:54:37.297546"], ["updated_at", "2025-03-11 00:54:37.297546"]]
  [1m[36mTRANSACTION (0.1ms)[0m  [1m[36mcommit transaction[0m
  [1m[36mTRANSACTION (0.0ms)[0m  [1m[36mbegin transaction[0m
  [1m[36mProduct Create (0.8ms)[0m  [1m[32mINSERT INTO "products" ("name", "description", "price", "stock_quantity", "category", "created_at", "updated_at") VALUES (?, ?, ?, ?, ?, ?, ?) RETURNING "id"[0m  [["name", "Product 19"], ["description", "This is a description for product 19"], ["price", 149.45], ["stock_quantity", 61], ["category", "Sports"], ["created_at", "2025-03-11 00:54:37.300115"], ["updated_at", "2025-03-11 00:54:37.300115"]]
  [1m[36mTRANSACTION (0.1ms)[0m  [1m[36mcommit transaction[0m
  [1m[36mTRANSACTION (0.0ms)[0m  [1m[36mbegin transaction[0m
  [1m[36mProduct Create (0.8ms)[0m  [1m[32mINSERT INTO "products" ("name", "description", "price", "stock_quantity", "category", "created_at", "updated_at") VALUES (?, ?, ?, ?, ?, ?, ?) RETURNING "id"[0m  [["name", "Product 20"], ["description", "This is a description for product 20"], ["price", 459.54], ["stock_quantity", 87], ["category", "Electronics"], ["created_at", "2025-03-11 00:54:37.302468"], ["updated_at", "2025-03-11 00:54:37.302468"]]
  [1m[36mTRANSACTION (0.1ms)[0m  [1m[36mcommit transaction[0m
Started GET "/api/v1/products" for 127.0.0.1 at 2025-03-11 00:55:34 +0000
  [1m[36mActiveRecord::SchemaMigration Load (0.1ms)[0m  [1m[34mSELECT "schema_migrations"."version" FROM "schema_migrations" ORDER BY "schema_migrations"."version" ASC[0m
Processing by Api::V1::ProductsController#index as */*
  [1m[36mProduct Load (0.1ms)[0m  [1m[34mSELECT "products".* FROM "products"[0m
  ↳ app/controllers/api/v1/products_controller.rb:7:in `index'
Completed 200 OK in 28ms (Views: 9.4ms | ActiveRecord: 1.6ms | Allocations: 20351)


  [1m[36mActiveRecord::SchemaMigration Load (0.1ms)[0m  [1m[34mSELECT "schema_migrations"."version" FROM "schema_migrations" ORDER BY "schema_migrations"."version" ASC[0m
  [1m[36mTRANSACTION (0.0ms)[0m  [1m[36mbegin transaction[0m
  [1m[36mUser Exists? (1.0ms)[0m  [1m[34mSELECT 1 AS one FROM "users" WHERE "users"."email" = ? LIMIT ?[0m  [["email", "admin@example.com"], ["LIMIT", 1]]
  [1m[36mTRANSACTION (0.0ms)[0m  [1m[31mrollback transaction[0m
  [1m[36mActiveRecord::SchemaMigration Load (0.1ms)[0m  [1m[34mSELECT "schema_migrations"."version" FROM "schema_migrations" ORDER BY "schema_migrations"."version" ASC[0m
  [1m[36mUser Load (0.1ms)[0m  [1m[34mSELECT "users".* FROM "users" WHERE "users"."email" = ? LIMIT ?[0m  [["email", "admin@example.com"], ["LIMIT", 1]]
  [1m[36mTRANSACTION (0.1ms)[0m  [1m[36mbegin transaction[0m
  [1m[36mUser Update (0.1ms)[0m  [1m[33mUPDATE "users" SET "password_digest" = ?, "updated_at" = ? WHERE "users"."id" = ?[0m  [["password_digest", "[FILTERED]"], ["updated_at", "2025-03-11 01:05:46.233743"], ["id", 1]]
  [1m[36mTRANSACTION (1.5ms)[0m  [1m[36mcommit transaction[0m
  [1m[36mUser Load (0.0ms)[0m  [1m[34mSELECT "users".* FROM "users" WHERE "users"."email" = ? LIMIT ?[0m  [["email", "user@example.com"], ["LIMIT", 1]]
  [1m[36mTRANSACTION (0.0ms)[0m  [1m[36mbegin transaction[0m
  [1m[36mUser Exists? (0.9ms)[0m  [1m[34mSELECT 1 AS one FROM "users" WHERE "users"."email" = ? LIMIT ?[0m  [["email", "user@example.com"], ["LIMIT", 1]]
  [1m[36mUser Create (0.2ms)[0m  [1m[32mINSERT INTO "users" ("name", "email", "password_digest", "role", "created_at", "updated_at") VALUES (?, ?, ?, ?, ?, ?) RETURNING "id"[0m  [["name", "Regular User"], ["email", "user@example.com"], ["password_digest", "[FILTERED]"], ["role", "customer"], ["created_at", "2025-03-11 01:05:46.464199"], ["updated_at", "2025-03-11 01:05:46.464199"]]
  [1m[36mTRANSACTION (0.1ms)[0m  [1m[36mcommit transaction[0m
  [1m[36mProduct Load (0.1ms)[0m  [1m[34mSELECT "products".* FROM "products" WHERE "products"."name" = ? LIMIT ?[0m  [["name", "Smartphone"], ["LIMIT", 1]]
  [1m[36mTRANSACTION (0.0ms)[0m  [1m[36mbegin transaction[0m
  [1m[36mProduct Create (0.2ms)[0m  [1m[32mINSERT INTO "products" ("name", "description", "price", "stock_quantity", "category", "created_at", "updated_at") VALUES (?, ?, ?, ?, ?, ?, ?) RETURNING "id"[0m  [["name", "Smartphone"], ["description", "Latest model with high-resolution camera"], ["price", 699.99], ["stock_quantity", 50], ["category", "Electronics"], ["created_at", "2025-03-11 01:05:46.476218"], ["updated_at", "2025-03-11 01:05:46.476218"]]
  [1m[36mTRANSACTION (0.1ms)[0m  [1m[36mcommit transaction[0m
  [1m[36mProduct Load (0.0ms)[0m  [1m[34mSELECT "products".* FROM "products" WHERE "products"."name" = ? LIMIT ?[0m  [["name", "Laptop"], ["LIMIT", 1]]
  [1m[36mTRANSACTION (0.0ms)[0m  [1m[36mbegin transaction[0m
  [1m[36mProduct Create (0.9ms)[0m  [1m[32mINSERT INTO "products" ("name", "description", "price", "stock_quantity", "category", "created_at", "updated_at") VALUES (?, ?, ?, ?, ?, ?, ?) RETURNING "id"[0m  [["name", "Laptop"], ["description", "Powerful laptop for work and gaming"], ["price", 1299.99], ["stock_quantity", 25], ["category", "Electronics"], ["created_at", "2025-03-11 01:05:46.479218"], ["updated_at", "2025-03-11 01:05:46.479218"]]
  [1m[36mTRANSACTION (0.1ms)[0m  [1m[36mcommit transaction[0m
  [1m[36mProduct Load (0.0ms)[0m  [1m[34mSELECT "products".* FROM "products" WHERE "products"."name" = ? LIMIT ?[0m  [["name", "Headphones"], ["LIMIT", 1]]
  [1m[36mTRANSACTION (0.0ms)[0m  [1m[36mbegin transaction[0m
  [1m[36mProduct Create (0.9ms)[0m  [1m[32mINSERT INTO "products" ("name", "description", "price", "stock_quantity", "category", "created_at", "updated_at") VALUES (?, ?, ?, ?, ?, ?, ?) RETURNING "id"[0m  [["name", "Headphones"], ["description", "Noise-cancelling wireless headphones"], ["price", 199.99], ["stock_quantity", 100], ["category", "Electronics"], ["created_at", "2025-03-11 01:05:46.491785"], ["updated_at", "2025-03-11 01:05:46.491785"]]
  [1m[36mTRANSACTION (0.1ms)[0m  [1m[36mcommit transaction[0m
  [1m[36mProduct Load (0.0ms)[0m  [1m[34mSELECT "products".* FROM "products" WHERE "products"."name" = ? LIMIT ?[0m  [["name", "T-shirt"], ["LIMIT", 1]]
  [1m[36mTRANSACTION (0.0ms)[0m  [1m[36mbegin transaction[0m
  [1m[36mProduct Create (1.3ms)[0m  [1m[32mINSERT INTO "products" ("name", "description", "price", "stock_quantity", "category", "created_at", "updated_at") VALUES (?, ?, ?, ?, ?, ?, ?) RETURNING "id"[0m  [["name", "T-shirt"], ["description", "Cotton t-shirt with logo"], ["price", 19.99], ["stock_quantity", 200], ["category", "Clothing"], ["created_at", "2025-03-11 01:05:46.495227"], ["updated_at", "2025-03-11 01:05:46.495227"]]
  [1m[36mTRANSACTION (0.1ms)[0m  [1m[36mcommit transaction[0m
  [1m[36mProduct Load (0.0ms)[0m  [1m[34mSELECT "products".* FROM "products" WHERE "products"."name" = ? LIMIT ?[0m  [["name", "Jeans"], ["LIMIT", 1]]
  [1m[36mTRANSACTION (0.0ms)[0m  [1m[36mbegin transaction[0m
  [1m[36mProduct Create (1.2ms)[0m  [1m[32mINSERT INTO "products" ("name", "description", "price", "stock_quantity", "category", "created_at", "updated_at") VALUES (?, ?, ?, ?, ?, ?, ?) RETURNING "id"[0m  [["name", "Jeans"], ["description", "Classic blue jeans"], ["price", 49.99], ["stock_quantity", 150], ["category", "Clothing"], ["created_at", "2025-03-11 01:05:46.498903"], ["updated_at", "2025-03-11 01:05:46.498903"]]
  [1m[36mTRANSACTION (0.1ms)[0m  [1m[36mcommit transaction[0m
Started GET "/api/v1/products" for 127.0.0.1 at 2025-03-11 01:10:24 +0000
  [1m[36mActiveRecord::SchemaMigration Load (0.1ms)[0m  [1m[34mSELECT "schema_migrations"."version" FROM "schema_migrations" ORDER BY "schema_migrations"."version" ASC[0m
Processing by Api::V1::ProductsController#index as */*
  [1m[36mProduct Load (0.1ms)[0m  [1m[34mSELECT "products".* FROM "products"[0m
  ↳ app/controllers/api/v1/products_controller.rb:7:in `index'
Completed 200 OK in 36ms (Views: 9.6ms | ActiveRecord: 1.6ms | Allocations: 19409)


Started POST "/api/v1/products" for 127.0.0.1 at 2025-03-11 01:10:24 +0000
Processing by Api::V1::ProductsController#create as */*
  Parameters: {"product"=>{"name"=>"Test Product", "description"=>"Test Description", "price"=>99.99, "stock_quantity"=>10, "category"=>"Test"}}
  [1m[36mTRANSACTION (0.1ms)[0m  [1m[36mbegin transaction[0m
  ↳ app/controllers/api/v1/products_controller.rb:19:in `create'
  [1m[36mProduct Create (1.1ms)[0m  [1m[32mINSERT INTO "products" ("name", "description", "price", "stock_quantity", "category", "created_at", "updated_at") VALUES (?, ?, ?, ?, ?, ?, ?) RETURNING "id"[0m  [["name", "Test Product"], ["description", "Test Description"], ["price", 99.99], ["stock_quantity", 10], ["category", "Test"], ["created_at", "2025-03-11 01:10:24.394589"], ["updated_at", "2025-03-11 01:10:24.394589"]]
  ↳ app/controllers/api/v1/products_controller.rb:19:in `create'
  [1m[36mTRANSACTION (1.2ms)[0m  [1m[36mcommit transaction[0m
  ↳ app/controllers/api/v1/products_controller.rb:19:in `create'
Completed 201 Created in 6ms (Views: 0.2ms | ActiveRecord: 2.3ms | Allocations: 2793)


Started POST "/api/v1/login" for 127.0.0.1 at 2025-03-11 01:10:24 +0000
Processing by Api::V1::AuthenticationController#login as */*
  Parameters: {"email"=>"admin@example.com", "password"=>"[FILTERED]", "authentication"=>{"email"=>"admin@example.com", "password"=>"[FILTERED]"}}
  [1m[36mUser Load (0.1ms)[0m  [1m[34mSELECT "users".* FROM "users" WHERE "users"."email" = ? LIMIT ?[0m  [["email", "admin@example.com"], ["LIMIT", 1]]
  ↳ app/controllers/api/v1/authentication_controller.rb:4:in `login'
Completed 200 OK in 232ms (Views: 0.1ms | ActiveRecord: 0.3ms | Allocations: 7276)


Started POST "/api/v1/orders" for 127.0.0.1 at 2025-03-11 01:10:37 +0000
Processing by Api::V1::OrdersController#create as */*
  Parameters: {"order"=>{"user_id"=>1, "status"=>"pending", "total_amount"=>99.99}}
  [1m[36mTRANSACTION (0.0ms)[0m  [1m[36mbegin transaction[0m
  ↳ app/controllers/api/v1/orders_controller.rb:20:in `create'
  [1m[36mUser Load (1.4ms)[0m  [1m[34mSELECT "users".* FROM "users" WHERE "users"."id" = ? LIMIT ?[0m  [["id", 1], ["LIMIT", 1]]
  ↳ app/controllers/api/v1/orders_controller.rb:20:in `create'
  [1m[36mOrder Create (0.2ms)[0m  [1m[32mINSERT INTO "orders" ("user_id", "status", "total_amount", "created_at", "updated_at") VALUES (?, ?, ?, ?, ?) RETURNING "id"[0m  [["user_id", 1], ["status", "pending"], ["total_amount", 99.99], ["created_at", "2025-03-11 01:10:37.180300"], ["updated_at", "2025-03-11 01:10:37.180300"]]
  ↳ app/controllers/api/v1/orders_controller.rb:20:in `create'
  [1m[36mTRANSACTION (0.1ms)[0m  [1m[36mcommit transaction[0m
  ↳ app/controllers/api/v1/orders_controller.rb:20:in `create'
Completed 201 Created in 16ms (Views: 0.3ms | ActiveRecord: 2.0ms | Allocations: 9307)


Started POST "/api/v1/orders" for 127.0.0.1 at 2025-03-11 01:10:37 +0000
Processing by Api::V1::OrdersController#create as */*
  Parameters: {"order"=>{"user_id"=>1, "status"=>"pending", "total_amount"=>99.99}}
  [1m[36mTRANSACTION (0.1ms)[0m  [1m[36mbegin transaction[0m
  ↳ app/controllers/api/v1/orders_controller.rb:20:in `create'
  [1m[36mUser Load (1.3ms)[0m  [1m[34mSELECT "users".* FROM "users" WHERE "users"."id" = ? LIMIT ?[0m  [["id", 1], ["LIMIT", 1]]
  ↳ app/controllers/api/v1/orders_controller.rb:20:in `create'
  [1m[36mOrder Create (0.2ms)[0m  [1m[32mINSERT INTO "orders" ("user_id", "status", "total_amount", "created_at", "updated_at") VALUES (?, ?, ?, ?, ?) RETURNING "id"[0m  [["user_id", 1], ["status", "pending"], ["total_amount", 99.99], ["created_at", "2025-03-11 01:10:37.235186"], ["updated_at", "2025-03-11 01:10:37.235186"]]
  ↳ app/controllers/api/v1/orders_controller.rb:20:in `create'
  [1m[36mTRANSACTION (0.2ms)[0m  [1m[36mcommit transaction[0m
  ↳ app/controllers/api/v1/orders_controller.rb:20:in `create'
Completed 201 Created in 44ms (Views: 0.3ms | ActiveRecord: 1.7ms | Allocations: 2554)


Started POST "/api/v1/orders/2/order_items" for 127.0.0.1 at 2025-03-11 01:10:37 +0000
Processing by Api::V1::OrderItemsController#create as */*
  Parameters: {"order_item"=>{"product_id"=>1, "quantity"=>2, "price"=>142.16}, "order_id"=>"2"}
  [1m[36mOrder Load (0.1ms)[0m  [1m[34mSELECT "orders".* FROM "orders" WHERE "orders"."id" = ? LIMIT ?[0m  [["id", 2], ["LIMIT", 1]]
  ↳ app/controllers/api/v1/order_items_controller.rb:37:in `set_order'
  [1m[36mTRANSACTION (0.0ms)[0m  [1m[36mbegin transaction[0m
  ↳ app/controllers/api/v1/order_items_controller.rb:9:in `create'
  [1m[36mProduct Load (0.8ms)[0m  [1m[34mSELECT "products".* FROM "products" WHERE "products"."id" = ? LIMIT ?[0m  [["id", 1], ["LIMIT", 1]]
  ↳ app/controllers/api/v1/order_items_controller.rb:9:in `create'
  [1m[36mOrderItem Create (0.2ms)[0m  [1m[32mINSERT INTO "order_items" ("order_id", "product_id", "quantity", "price", "created_at", "updated_at") VALUES (?, ?, ?, ?, ?, ?) RETURNING "id"[0m  [["order_id", 2], ["product_id", 1], ["quantity", 2], ["price", 142.16], ["created_at", "2025-03-11 01:10:37.267979"], ["updated_at", "2025-03-11 01:10:37.267979"]]
  ↳ app/controllers/api/v1/order_items_controller.rb:9:in `create'
  [1m[36mProduct Update (0.1ms)[0m  [1m[33mUPDATE "products" SET "stock_quantity" = ?, "updated_at" = ? WHERE "products"."id" = ?[0m  [["stock_quantity", 89], ["updated_at", "2025-03-11 01:10:37.269418"], ["id", 1]]
  ↳ app/models/product.rb:16:in `reduce_stock'
  [1m[36mTRANSACTION (0.1ms)[0m  [1m[36mcommit transaction[0m
  ↳ app/controllers/api/v1/order_items_controller.rb:9:in `create'
  [1m[36mOrderItem Load (0.1ms)[0m  [1m[34mSELECT "order_items".* FROM "order_items" WHERE "order_items"."order_id" = ?[0m  [["order_id", 2]]
  ↳ app/models/order.rb:36:in `calculate_total'
  [1m[36mTRANSACTION (0.0ms)[0m  [1m[36mbegin transaction[0m
  ↳ app/models/order.rb:37:in `calculate_total'
  [1m[36mOrder Update (0.8ms)[0m  [1m[33mUPDATE "orders" SET "total_amount" = ?, "updated_at" = ? WHERE "orders"."id" = ?[0m  [["total_amount", 284.32], ["updated_at", "2025-03-11 01:10:37.272313"], ["id", 2]]
  ↳ app/models/order.rb:37:in `calculate_total'
  [1m[36mTRANSACTION (0.0ms)[0m  [1m[36mcommit transaction[0m
  ↳ app/models/order.rb:37:in `calculate_total'
Completed 201 Created in 21ms (Views: 0.2ms | ActiveRecord: 2.3ms | Allocations: 14694)


Started POST "/api/v1/orders/2/payments" for 127.0.0.1 at 2025-03-11 01:10:37 +0000
Processing by Api::V1::PaymentsController#create as */*
  Parameters: {"payment"=>{"amount"=>284.32, "payment_method"=>"credit_card"}, "order_id"=>"2"}
  [1m[36mOrder Load (0.1ms)[0m  [1m[34mSELECT "orders".* FROM "orders" WHERE "orders"."id" = ? LIMIT ?[0m  [["id", 2], ["LIMIT", 1]]
  ↳ app/controllers/api/v1/payments_controller.rb:32:in `set_order'
  [1m[36mPayment Load (0.1ms)[0m  [1m[34mSELECT "payments".* FROM "payments" WHERE "payments"."order_id" = ? LIMIT ?[0m  [["order_id", 2], ["LIMIT", 1]]
  ↳ app/controllers/api/v1/payments_controller.rb:8:in `create'
  [1m[36mTRANSACTION (0.0ms)[0m  [1m[36mbegin transaction[0m
  ↳ app/controllers/api/v1/payments_controller.rb:15:in `create'
  [1m[36mPayment Create (0.8ms)[0m  [1m[32mINSERT INTO "payments" ("order_id", "amount", "payment_method", "status", "transaction_id", "created_at", "updated_at") VALUES (?, ?, ?, ?, ?, ?, ?) RETURNING "id"[0m  [["order_id", 2], ["amount", 284.32], ["payment_method", "credit_card"], ["status", "pending"], ["transaction_id", nil], ["created_at", "2025-03-11 01:10:37.298198"], ["updated_at", "2025-03-11 01:10:37.298198"]]
  ↳ app/controllers/api/v1/payments_controller.rb:15:in `create'
  [1m[36mTRANSACTION (0.1ms)[0m  [1m[36mcommit transaction[0m
  ↳ app/controllers/api/v1/payments_controller.rb:15:in `create'
  [1m[36mTRANSACTION (0.0ms)[0m  [1m[36mbegin transaction[0m
  ↳ app/models/payment.rb:13:in `process'
  [1m[36mPayment Update (0.9ms)[0m  [1m[33mUPDATE "payments" SET "status" = ?, "updated_at" = ? WHERE "payments"."id" = ?[0m  [["status", "processing"], ["updated_at", "2025-03-11 01:10:37.300911"], ["id", 1]]
  ↳ app/models/payment.rb:13:in `process'
  [1m[36mTRANSACTION (0.0ms)[0m  [1m[36mcommit transaction[0m
  ↳ app/models/payment.rb:13:in `process'
  [1m[36mTRANSACTION (0.0ms)[0m  [1m[36mbegin transaction[0m
  ↳ app/models/payment.rb:22:in `complete'
  [1m[36mPayment Update (0.8ms)[0m  [1m[33mUPDATE "payments" SET "status" = ?, "updated_at" = ? WHERE "payments"."id" = ?[0m  [["status", "completed"], ["updated_at", "2025-03-11 01:10:37.303216"], ["id", 1]]
  ↳ app/models/payment.rb:22:in `complete'
  [1m[36mTRANSACTION (0.0ms)[0m  [1m[36mcommit transaction[0m
  ↳ app/models/payment.rb:22:in `complete'
  [1m[36mTRANSACTION (0.0ms)[0m  [1m[36mbegin transaction[0m
  ↳ app/models/payment.rb:23:in `complete'
  [1m[36mOrder Update (0.7ms)[0m  [1m[33mUPDATE "orders" SET "status" = ?, "updated_at" = ? WHERE "orders"."id" = ?[0m  [["status", "paid"], ["updated_at", "2025-03-11 01:10:37.305674"], ["id", 2]]
  ↳ app/models/payment.rb:23:in `complete'
  [1m[36mTRANSACTION (0.1ms)[0m  [1m[36mcommit transaction[0m
  ↳ app/models/payment.rb:23:in `complete'
Completed 201 Created in 20ms (Views: 0.2ms | ActiveRecord: 3.9ms | Allocations: 13730)


Started POST "/api/v1/orders/2/shipments" for 127.0.0.1 at 2025-03-11 01:10:37 +0000
Processing by Api::V1::ShipmentsController#create as */*
  Parameters: {"shipment"=>{"carrier"=>"FedEx", "status"=>"pending"}, "order_id"=>"2"}
  [1m[36mOrder Load (0.1ms)[0m  [1m[34mSELECT "orders".* FROM "orders" WHERE "orders"."id" = ? LIMIT ?[0m  [["id", 2], ["LIMIT", 1]]
  ↳ app/controllers/api/v1/shipments_controller.rb:54:in `set_order'
  [1m[36mShipment Load (0.1ms)[0m  [1m[34mSELECT "shipments".* FROM "shipments" WHERE "shipments"."order_id" = ? LIMIT ?[0m  [["order_id", 2], ["LIMIT", 1]]
  ↳ app/controllers/api/v1/shipments_controller.rb:8:in `create'
  [1m[36mTRANSACTION (0.0ms)[0m  [1m[36mbegin transaction[0m
  ↳ app/controllers/api/v1/shipments_controller.rb:20:in `create'
  [1m[36mShipment Create (0.9ms)[0m  [1m[32mINSERT INTO "shipments" ("order_id", "tracking_number", "carrier", "status", "estimated_delivery", "created_at", "updated_at") VALUES (?, ?, ?, ?, ?, ?, ?) RETURNING "id"[0m  [["order_id", 2], ["tracking_number", nil], ["carrier", "FedEx"], ["status", "pending"], ["estimated_delivery", nil], ["created_at", "2025-03-11 01:10:37.330585"], ["updated_at", "2025-03-11 01:10:37.330585"]]
  ↳ app/controllers/api/v1/shipments_controller.rb:20:in `create'
  [1m[36mTRANSACTION (0.1ms)[0m  [1m[36mcommit transaction[0m
  ↳ app/controllers/api/v1/shipments_controller.rb:20:in `create'
Completed 201 Created in 11ms (Views: 0.2ms | ActiveRecord: 1.4ms | Allocations: 8209)


Started PATCH "/api/v1/orders/2/shipments/1" for 127.0.0.1 at 2025-03-11 01:10:51 +0000
Processing by Api::V1::ShipmentsController#update as */*
  Parameters: {"shipment"=>{"tracking_number"=>"TRK123456789", "carrier"=>"FedEx", "status"=>"shipped"}, "order_id"=>"2", "id"=>"1"}
  [1m[36mOrder Load (0.1ms)[0m  [1m[34mSELECT "orders".* FROM "orders" WHERE "orders"."id" = ? LIMIT ?[0m  [["id", 2], ["LIMIT", 1]]
  ↳ app/controllers/api/v1/shipments_controller.rb:54:in `set_order'
  [1m[36mShipment Load (0.0ms)[0m  [1m[34mSELECT "shipments".* FROM "shipments" WHERE "shipments"."order_id" = ? LIMIT ?[0m  [["order_id", 2], ["LIMIT", 1]]
  ↳ app/controllers/api/v1/shipments_controller.rb:60:in `set_shipment'
  [1m[36mTRANSACTION (0.0ms)[0m  [1m[36mbegin transaction[0m
  ↳ app/controllers/api/v1/shipments_controller.rb:29:in `update'
  [1m[36mShipment Update (0.8ms)[0m  [1m[33mUPDATE "shipments" SET "tracking_number" = ?, "status" = ?, "updated_at" = ? WHERE "shipments"."id" = ?[0m  [["tracking_number", "TRK123456789"], ["status", "shipped"], ["updated_at", "2025-03-11 01:10:51.452353"], ["id", 1]]
  ↳ app/controllers/api/v1/shipments_controller.rb:29:in `update'
  [1m[36mTRANSACTION (0.1ms)[0m  [1m[36mcommit transaction[0m
  ↳ app/controllers/api/v1/shipments_controller.rb:29:in `update'
Completed 200 OK in 6ms (Views: 0.2ms | ActiveRecord: 1.0ms | Allocations: 2770)


Started GET "/api/v1/orders/2" for 127.0.0.1 at 2025-03-11 01:10:51 +0000
Processing by Api::V1::OrdersController#show as */*
  Parameters: {"id"=>"2"}
  [1m[36mOrder Load (0.1ms)[0m  [1m[34mSELECT "orders".* FROM "orders" WHERE "orders"."id" = ? LIMIT ?[0m  [["id", 2], ["LIMIT", 1]]
  ↳ app/controllers/api/v1/orders_controller.rb:39:in `set_order'
  [1m[36mOrderItem Load (0.0ms)[0m  [1m[34mSELECT "order_items".* FROM "order_items" WHERE "order_items"."order_id" = ?[0m  [["order_id", 2]]
  ↳ app/controllers/api/v1/orders_controller.rb:12:in `show'
  [1m[36mPayment Load (0.0ms)[0m  [1m[34mSELECT "payments".* FROM "payments" WHERE "payments"."order_id" = ? LIMIT ?[0m  [["order_id", 2], ["LIMIT", 1]]
  ↳ app/controllers/api/v1/orders_controller.rb:12:in `show'
  [1m[36mShipment Load (0.0ms)[0m  [1m[34mSELECT "shipments".* FROM "shipments" WHERE "shipments"."order_id" = ? LIMIT ?[0m  [["order_id", 2], ["LIMIT", 1]]
  ↳ app/controllers/api/v1/orders_controller.rb:12:in `show'
Completed 200 OK in 4ms (Views: 3.1ms | ActiveRecord: 0.2ms | Allocations: 2684)


Started GET "/api/v1/products/1" for 127.0.0.1 at 2025-03-11 01:10:51 +0000
Processing by Api::V1::ProductsController#show as */*
  Parameters: {"id"=>"1"}
  [1m[36mProduct Load (0.0ms)[0m  [1m[34mSELECT "products".* FROM "products" WHERE "products"."id" = ? LIMIT ?[0m  [["id", 1], ["LIMIT", 1]]
  ↳ app/controllers/api/v1/products_controller.rb:47:in `set_product'
Completed 200 OK in 1ms (Views: 0.2ms | ActiveRecord: 0.0ms | Allocations: 592)


Started GET "/api/v1/products" for 127.0.0.1 at 2025-03-11 01:18:43 +0000
  [1m[36mActiveRecord::SchemaMigration Load (0.1ms)[0m  [1m[34mSELECT "schema_migrations"."version" FROM "schema_migrations" ORDER BY "schema_migrations"."version" ASC[0m
Processing by Api::V1::ProductsController#index as */*
  [1m[36mProduct Load (0.1ms)[0m  [1m[34mSELECT "products".* FROM "products"[0m
  ↳ app/controllers/api/v1/products_controller.rb:7:in `index'
Completed 200 OK in 41ms (Views: 11.4ms | ActiveRecord: 1.6ms | Allocations: 19475)


